{"name":"Search weather in London City.: FW-SEARCH-02","status":"broken","statusDetails":{"known":false,"muted":false,"flaky":false,"message":"class PageDefinition.AbstractPageDefinition doesn't have an empty constructor. If you need dependency injection, put cucumber-picocontainer on the classpath","trace":"io.cucumber.core.exception.CucumberException: class PageDefinition.AbstractPageDefinition doesn't have an empty constructor. If you need dependency injection, put cucumber-picocontainer on the classpath\n\tat io.cucumber.core.runtime.ObjectFactoryServiceLoader$DefaultJavaObjectFactory.cacheNewInstance(ObjectFactoryServiceLoader.java:145)\n\tat io.cucumber.core.runtime.ObjectFactoryServiceLoader$DefaultJavaObjectFactory.getInstance(ObjectFactoryServiceLoader.java:133)\n\tat io.cucumber.java.AbstractGlueDefinition.invokeMethod(AbstractGlueDefinition.java:47)\n\tat io.cucumber.java.JavaStepDefinition.execute(JavaStepDefinition.java:29)\n\tat io.cucumber.core.runner.CoreStepDefinition.execute(CoreStepDefinition.java:66)\n\tat io.cucumber.core.runner.PickleStepDefinitionMatch.runStep(PickleStepDefinitionMatch.java:63)\n\tat io.cucumber.core.runner.ExecutionMode$1.execute(ExecutionMode.java:10)\n\tat io.cucumber.core.runner.TestStep.executeStep(TestStep.java:92)\n\tat io.cucumber.core.runner.TestStep.run(TestStep.java:64)\n\tat io.cucumber.core.runner.PickleStepTestStep.run(PickleStepTestStep.java:51)\n\tat io.cucumber.core.runner.TestCase.run(TestCase.java:104)\n\tat io.cucumber.core.runner.Runner.runPickle(Runner.java:73)\n\tat io.cucumber.junit.PickleRunners$WithStepDescriptions.run(PickleRunners.java:110)\n\tat io.cucumber.junit.FeatureRunner.runChild(FeatureRunner.java:135)\n\tat io.cucumber.junit.FeatureRunner.runChild(FeatureRunner.java:27)\n\tat org.junit.runners.ParentRunner$3.run(ParentRunner.java:290)\n\tat org.junit.runners.ParentRunner$1.schedule(ParentRunner.java:71)\n\tat org.junit.runners.ParentRunner.runChildren(ParentRunner.java:288)\n\tat org.junit.runners.ParentRunner.access$000(ParentRunner.java:58)\n\tat org.junit.runners.ParentRunner$2.evaluate(ParentRunner.java:268)\n\tat org.junit.runners.ParentRunner.run(ParentRunner.java:363)\n\tat io.cucumber.junit.Cucumber.runChild(Cucumber.java:200)\n\tat io.cucumber.junit.Cucumber.runChild(Cucumber.java:90)\n\tat org.junit.runners.ParentRunner$3.run(ParentRunner.java:290)\n\tat org.junit.runners.ParentRunner$1.schedule(ParentRunner.java:71)\n\tat org.junit.runners.ParentRunner.runChildren(ParentRunner.java:288)\n\tat org.junit.runners.ParentRunner.access$000(ParentRunner.java:58)\n\tat org.junit.runners.ParentRunner$2.evaluate(ParentRunner.java:268)\n\tat io.cucumber.junit.Cucumber$RunCucumber.evaluate(Cucumber.java:235)\n\tat org.junit.internal.runners.statements.RunBefores.evaluate(RunBefores.java:26)\n\tat org.junit.internal.runners.statements.RunAfters.evaluate(RunAfters.java:27)\n\tat org.junit.runners.ParentRunner.run(ParentRunner.java:363)\n\tat org.junit.runner.JUnitCore.run(JUnitCore.java:137)\n\tat com.intellij.junit4.JUnit4IdeaTestRunner.startRunnerWithArgs(JUnit4IdeaTestRunner.java:69)\n\tat com.intellij.rt.junit.IdeaTestRunner$Repeater.startRunnerWithArgs(IdeaTestRunner.java:33)\n\tat com.intellij.rt.junit.JUnitStarter.prepareStreamsAndStart(JUnitStarter.java:221)\n\tat com.intellij.rt.junit.JUnitStarter.main(JUnitStarter.java:54)\nCaused by: java.lang.NoSuchMethodException: PageDefinition.AbstractPageDefinition.<init>()\n\tat java.base/java.lang.Class.getConstructor0(Class.java:3517)\n\tat java.base/java.lang.Class.getConstructor(Class.java:2238)\n\tat io.cucumber.core.runtime.ObjectFactoryServiceLoader$DefaultJavaObjectFactory.cacheNewInstance(ObjectFactoryServiceLoader.java:140)\n\t... 36 more\n"},"stage":"finished","steps":[{"name":"And  I navigate to Main page","status":"broken","statusDetails":{"known":false,"muted":false,"flaky":false,"message":"class PageDefinition.AbstractPageDefinition doesn't have an empty constructor. If you need dependency injection, put cucumber-picocontainer on the classpath","trace":"io.cucumber.core.exception.CucumberException: class PageDefinition.AbstractPageDefinition doesn't have an empty constructor. If you need dependency injection, put cucumber-picocontainer on the classpath\n\tat io.cucumber.core.runtime.ObjectFactoryServiceLoader$DefaultJavaObjectFactory.cacheNewInstance(ObjectFactoryServiceLoader.java:145)\n\tat io.cucumber.core.runtime.ObjectFactoryServiceLoader$DefaultJavaObjectFactory.getInstance(ObjectFactoryServiceLoader.java:133)\n\tat io.cucumber.java.AbstractGlueDefinition.invokeMethod(AbstractGlueDefinition.java:47)\n\tat io.cucumber.java.JavaStepDefinition.execute(JavaStepDefinition.java:29)\n\tat io.cucumber.core.runner.CoreStepDefinition.execute(CoreStepDefinition.java:66)\n\tat io.cucumber.core.runner.PickleStepDefinitionMatch.runStep(PickleStepDefinitionMatch.java:63)\n\tat io.cucumber.core.runner.ExecutionMode$1.execute(ExecutionMode.java:10)\n\tat io.cucumber.core.runner.TestStep.executeStep(TestStep.java:92)\n\tat io.cucumber.core.runner.TestStep.run(TestStep.java:64)\n\tat io.cucumber.core.runner.PickleStepTestStep.run(PickleStepTestStep.java:51)\n\tat io.cucumber.core.runner.TestCase.run(TestCase.java:104)\n\tat io.cucumber.core.runner.Runner.runPickle(Runner.java:73)\n\tat io.cucumber.junit.PickleRunners$WithStepDescriptions.run(PickleRunners.java:110)\n\tat io.cucumber.junit.FeatureRunner.runChild(FeatureRunner.java:135)\n\tat io.cucumber.junit.FeatureRunner.runChild(FeatureRunner.java:27)\n\tat org.junit.runners.ParentRunner$3.run(ParentRunner.java:290)\n\tat org.junit.runners.ParentRunner$1.schedule(ParentRunner.java:71)\n\tat org.junit.runners.ParentRunner.runChildren(ParentRunner.java:288)\n\tat org.junit.runners.ParentRunner.access$000(ParentRunner.java:58)\n\tat org.junit.runners.ParentRunner$2.evaluate(ParentRunner.java:268)\n\tat org.junit.runners.ParentRunner.run(ParentRunner.java:363)\n\tat io.cucumber.junit.Cucumber.runChild(Cucumber.java:200)\n\tat io.cucumber.junit.Cucumber.runChild(Cucumber.java:90)\n\tat org.junit.runners.ParentRunner$3.run(ParentRunner.java:290)\n\tat org.junit.runners.ParentRunner$1.schedule(ParentRunner.java:71)\n\tat org.junit.runners.ParentRunner.runChildren(ParentRunner.java:288)\n\tat org.junit.runners.ParentRunner.access$000(ParentRunner.java:58)\n\tat org.junit.runners.ParentRunner$2.evaluate(ParentRunner.java:268)\n\tat io.cucumber.junit.Cucumber$RunCucumber.evaluate(Cucumber.java:235)\n\tat org.junit.internal.runners.statements.RunBefores.evaluate(RunBefores.java:26)\n\tat org.junit.internal.runners.statements.RunAfters.evaluate(RunAfters.java:27)\n\tat org.junit.runners.ParentRunner.run(ParentRunner.java:363)\n\tat org.junit.runner.JUnitCore.run(JUnitCore.java:137)\n\tat com.intellij.junit4.JUnit4IdeaTestRunner.startRunnerWithArgs(JUnit4IdeaTestRunner.java:69)\n\tat com.intellij.rt.junit.IdeaTestRunner$Repeater.startRunnerWithArgs(IdeaTestRunner.java:33)\n\tat com.intellij.rt.junit.JUnitStarter.prepareStreamsAndStart(JUnitStarter.java:221)\n\tat com.intellij.rt.junit.JUnitStarter.main(JUnitStarter.java:54)\nCaused by: java.lang.NoSuchMethodException: PageDefinition.AbstractPageDefinition.<init>()\n\tat java.base/java.lang.Class.getConstructor0(Class.java:3517)\n\tat java.base/java.lang.Class.getConstructor(Class.java:2238)\n\tat io.cucumber.core.runtime.ObjectFactoryServiceLoader$DefaultJavaObjectFactory.cacheNewInstance(ObjectFactoryServiceLoader.java:140)\n\t... 36 more\n"},"stage":"finished","steps":[],"attachments":[],"parameters":[],"start":1625141445245,"stop":1625141445246},{"name":"And  I wait for page load completed","status":"skipped","statusDetails":{"known":false,"muted":false,"flaky":false},"stage":"finished","steps":[],"attachments":[],"parameters":[],"start":1625141445247,"stop":1625141445247},{"name":"And  I type London into search box then press Enter on Navigation Bar","status":"skipped","statusDetails":{"known":false,"muted":false,"flaky":false},"stage":"finished","steps":[],"attachments":[],"parameters":[],"start":1625141445248,"stop":1625141445248},{"name":"And  I should see record displayed on Result Page","status":"skipped","statusDetails":{"known":false,"muted":false,"flaky":false},"stage":"finished","steps":[],"attachments":[{"name":"Data table","source":"4b596991-81ef-4273-8dfa-2294890d8c14-attachment.csv","type":"text/tab-separated-values"}],"parameters":[],"start":1625141445249,"stop":1625141445250}],"attachments":[],"parameters":[],"start":1625141445244,"stop":1625141445254,"uuid":"7b0e4624-794c-49f6-8655-d621ffb23e05","historyId":"1574a726d927fba2d272ef51384cf62b","fullName":"Search Weather: Search weather in London City.: FW-SEARCH-02","labels":[{"name":"tag","value":"FWTest"},{"name":"tag","value":"SearchWeatherV1"},{"name":"tag","value":"FW-SEARCH-02"},{"name":"host","value":"Huy-Duongs-MacBook-Pro.local"},{"name":"thread","value":"3427@Huy-Duongs-MacBook-Pro.local.main(1)"},{"name":"feature","value":"Search Weather"},{"name":"story","value":"Search weather in London City.: FW-SEARCH-02"},{"name":"suite","value":"Search Weather"},{"name":"testClass","value":"Search weather in London City.: FW-SEARCH-02"},{"name":"framework","value":"cucumber4jvm"},{"name":"language","value":"java"},{"name":"gherkin_uri","value":"file:///Users/huyduong/Documents/WorkSpace/seleniumFW/src/test/TestSuite/F_01_Search/SearchWeather.feature"},{"name":"package","value":"src.test.TestSuite.F_01_Search.SearchWeather_feature.Search Weather"}],"links":[]}